--------------------------------- Version Log ----------------------------------
Version                                 Path
System Generator                        /home/tools/Xilinx/14.7/ISE_DS/ISE/sysgen
Matlab 8.1.0.604 (R2013a)               /home/tools/matlab/R2013a
ISE                                     /home/tools/Xilinx/14.7/ISE_DS/ISE
--------------------------------------------------------------------------------
Summary of Errors:
Error 0001: 
--- ModelSim reported errors during compilation.
The fol...
     Block: 'g729_encoder/pre_proc'
--------------------------------------------------------------------------------

Error 0001:

Reported by:
  'g729_encoder/pre_proc'

Details:

--- ModelSim reported errors during compilation.
The following errors were found in
/home/aruls/projects/phd/g729/design/modelsim/transcript :
# ** Error: g729_encoder_cosim.vhd(1475): Library unisim not found.
# ** Error: g729_encoder_cosim.vhd(1476): (vcom-1136) Unknown
identifier "unisim".
# ** Error: g729_encoder_cosim.vhd(1481): VHDL Compiler exiting
# ** Error: /u/tool0/digital/modelsim/modeltech/linux_x86_64/vcom failed.

Error occurred during "Simulation Initialization".

--------------------------------------------------------------------------------
